d:\format_tool\fatformat\debug\fatformat.pch
d:\format_tool\fatformat\debug\vc141.pdb
d:\format_tool\fatformat\debug\stdafx.obj
d:\format_tool\fatformat\debug\format_tool.obj
d:\format_tool\fatformat\debug\form1.obj
d:\format_tool\fatformat\debug\cppclr_winformsprojekt.obj
d:\format_tool\fatformat\debug\assemblyinfo.obj
d:\format_tool\fatformat\debug\.netframework,version=v4.5.2.assemblyattributes.obj
d:\format_tool\fatformat\debug\.netframework,version=v4.5.2.assemblyattributes.asm
d:\format_tool\fatformat\debug\fatformat.form1.resources
d:\format_tool\debug\fatformat.exe
d:\format_tool\debug\fatformat.pdb
d:\format_tool\fatformat\debug\app.res
d:\format_tool\fatformat\debug\fatformat.vcxproj.assemblyreference.cache
d:\format_tool\fatformat\debug\fatformat.vcxproj.generateresource.cache
d:\format_tool\fatformat\debug\fatformat.tlog\cl.command.1.tlog
d:\format_tool\fatformat\debug\fatformat.tlog\cl.read.1.tlog
d:\format_tool\fatformat\debug\fatformat.tlog\cl.write.1.tlog
d:\format_tool\fatformat\debug\fatformat.tlog\fatformat.write.1u.tlog
d:\format_tool\fatformat\debug\fatformat.tlog\link.command.1.tlog
d:\format_tool\fatformat\debug\fatformat.tlog\link.read.1.tlog
d:\format_tool\fatformat\debug\fatformat.tlog\link.write.1.tlog
d:\format_tool\fatformat\debug\fatformat.tlog\metagen.read.1.tlog
d:\format_tool\fatformat\debug\fatformat.tlog\metagen.write.1.tlog
d:\format_tool\fatformat\debug\fatformat.tlog\rc.command.1.tlog
d:\format_tool\fatformat\debug\fatformat.tlog\rc.read.1.tlog
d:\format_tool\fatformat\debug\fatformat.tlog\rc.write.1.tlog
